<?xml version="1.0" encoding="UTF-8"?>
<testsuite xmlns:xsi="http://www.w3.org/2001/XMLSchema-instance" xsi:noNamespaceSchemaLocation="https://maven.apache.org/surefire/maven-surefire-plugin/xsd/surefire-test-report-3.0.xsd" version="3.0" name="TestSuite" time="7.657" tests="2" errors="0" skipped="0" failures="0">
  <properties>
    <property name="sun.desktop" value="gnome"/>
    <property name="awt.toolkit" value="sun.awt.X11.XToolkit"/>
    <property name="surefire.suiteXmlFiles" value="src/test/resources/all_tests_suite.xml"/>
    <property name="java.specification.version" value="11"/>
    <property name="webdriver.chrome.driver" value="/home/wkarpowicz/Downloads/chromedriver_linux64/chromedriver"/>
    <property name="sun.cpu.isalist" value=""/>
    <property name="sun.jnu.encoding" value="UTF-8"/>
    <property name="java.class.path" value="/home/wkarpowicz/Documents/Automatyzacja/WebDriverManager-Maven/target/test-classes:/home/wkarpowicz/Documents/Automatyzacja/WebDriverManager-Maven/target/classes:/home/wkarpowicz/.m2/repository/org/seleniumhq/selenium/selenium-java/4.0.0/selenium-java-4.0.0.jar:/home/wkarpowicz/.m2/repository/org/seleniumhq/selenium/selenium-api/4.0.0/selenium-api-4.0.0.jar:/home/wkarpowicz/.m2/repository/org/seleniumhq/selenium/selenium-chrome-driver/4.0.0/selenium-chrome-driver-4.0.0.jar:/home/wkarpowicz/.m2/repository/com/google/auto/service/auto-service-annotations/1.0/auto-service-annotations-1.0.jar:/home/wkarpowicz/.m2/repository/com/google/auto/service/auto-service/1.0/auto-service-1.0.jar:/home/wkarpowicz/.m2/repository/com/google/auto/auto-common/1.0/auto-common-1.0.jar:/home/wkarpowicz/.m2/repository/com/google/guava/guava/31.0.1-jre/guava-31.0.1-jre.jar:/home/wkarpowicz/.m2/repository/com/google/guava/failureaccess/1.0.1/failureaccess-1.0.1.jar:/home/wkarpowicz/.m2/repository/com/google/guava/listenablefuture/9999.0-empty-to-avoid-conflict-with-guava/listenablefuture-9999.0-empty-to-avoid-conflict-with-guava.jar:/home/wkarpowicz/.m2/repository/com/google/code/findbugs/jsr305/3.0.2/jsr305-3.0.2.jar:/home/wkarpowicz/.m2/repository/org/checkerframework/checker-qual/3.12.0/checker-qual-3.12.0.jar:/home/wkarpowicz/.m2/repository/com/google/errorprone/error_prone_annotations/2.7.1/error_prone_annotations-2.7.1.jar:/home/wkarpowicz/.m2/repository/com/google/j2objc/j2objc-annotations/1.3/j2objc-annotations-1.3.jar:/home/wkarpowicz/.m2/repository/org/seleniumhq/selenium/selenium-chromium-driver/4.0.0/selenium-chromium-driver-4.0.0.jar:/home/wkarpowicz/.m2/repository/org/seleniumhq/selenium/selenium-json/4.0.0/selenium-json-4.0.0.jar:/home/wkarpowicz/.m2/repository/org/seleniumhq/selenium/selenium-devtools-v85/4.0.0/selenium-devtools-v85-4.0.0.jar:/home/wkarpowicz/.m2/repository/org/seleniumhq/selenium/selenium-devtools-v93/4.0.0/selenium-devtools-v93-4.0.0.jar:/home/wkarpowicz/.m2/repository/org/seleniumhq/selenium/selenium-devtools-v94/4.0.0/selenium-devtools-v94-4.0.0.jar:/home/wkarpowicz/.m2/repository/org/seleniumhq/selenium/selenium-devtools-v95/4.0.0/selenium-devtools-v95-4.0.0.jar:/home/wkarpowicz/.m2/repository/org/seleniumhq/selenium/selenium-edge-driver/4.0.0/selenium-edge-driver-4.0.0.jar:/home/wkarpowicz/.m2/repository/org/seleniumhq/selenium/selenium-firefox-driver/4.0.0/selenium-firefox-driver-4.0.0.jar:/home/wkarpowicz/.m2/repository/org/seleniumhq/selenium/selenium-firefox-xpi-driver/4.0.0/selenium-firefox-xpi-driver-4.0.0.jar:/home/wkarpowicz/.m2/repository/org/seleniumhq/selenium/selenium-ie-driver/4.0.0/selenium-ie-driver-4.0.0.jar:/home/wkarpowicz/.m2/repository/org/seleniumhq/selenium/selenium-opera-driver/4.0.0/selenium-opera-driver-4.0.0.jar:/home/wkarpowicz/.m2/repository/org/seleniumhq/selenium/selenium-remote-driver/4.0.0/selenium-remote-driver-4.0.0.jar:/home/wkarpowicz/.m2/repository/io/netty/netty-buffer/4.1.68.Final/netty-buffer-4.1.68.Final.jar:/home/wkarpowicz/.m2/repository/io/netty/netty-codec-http/4.1.67.Final/netty-codec-http-4.1.67.Final.jar:/home/wkarpowicz/.m2/repository/io/netty/netty-codec/4.1.67.Final/netty-codec-4.1.67.Final.jar:/home/wkarpowicz/.m2/repository/io/netty/netty-handler/4.1.67.Final/netty-handler-4.1.67.Final.jar:/home/wkarpowicz/.m2/repository/io/netty/netty-common/4.1.68.Final/netty-common-4.1.68.Final.jar:/home/wkarpowicz/.m2/repository/io/netty/netty-transport-native-epoll/4.1.67.Final/netty-transport-native-epoll-4.1.67.Final.jar:/home/wkarpowicz/.m2/repository/io/netty/netty-transport-native-kqueue/4.1.67.Final/netty-transport-native-kqueue-4.1.67.Final.jar:/home/wkarpowicz/.m2/repository/io/netty/netty-transport-native-unix-common/4.1.67.Final/netty-transport-native-unix-common-4.1.67.Final.jar:/home/wkarpowicz/.m2/repository/io/netty/netty-transport/4.1.68.Final/netty-transport-4.1.68.Final.jar:/home/wkarpowicz/.m2/repository/io/netty/netty-resolver/4.1.68.Final/netty-resolver-4.1.68.Final.jar:/home/wkarpowicz/.m2/repository/io/opentelemetry/opentelemetry-api/1.6.0/opentelemetry-api-1.6.0.jar:/home/wkarpowicz/.m2/repository/io/opentelemetry/opentelemetry-context/1.6.0/opentelemetry-context-1.6.0.jar:/home/wkarpowicz/.m2/repository/io/opentelemetry/opentelemetry-exporter-logging/1.6.0/opentelemetry-exporter-logging-1.6.0.jar:/home/wkarpowicz/.m2/repository/io/opentelemetry/opentelemetry-sdk-metrics/1.6.0-alpha/opentelemetry-sdk-metrics-1.6.0-alpha.jar:/home/wkarpowicz/.m2/repository/io/opentelemetry/opentelemetry-sdk-common/1.6.0/opentelemetry-sdk-common-1.6.0.jar:/home/wkarpowicz/.m2/repository/io/opentelemetry/opentelemetry-sdk-extension-autoconfigure-spi/1.6.0/opentelemetry-sdk-extension-autoconfigure-spi-1.6.0.jar:/home/wkarpowicz/.m2/repository/io/opentelemetry/opentelemetry-sdk-extension-autoconfigure/1.6.0-alpha/opentelemetry-sdk-extension-autoconfigure-1.6.0-alpha.jar:/home/wkarpowicz/.m2/repository/io/opentelemetry/opentelemetry-sdk-trace/1.6.0/opentelemetry-sdk-trace-1.6.0.jar:/home/wkarpowicz/.m2/repository/io/opentelemetry/opentelemetry-api-metrics/1.6.0-alpha/opentelemetry-api-metrics-1.6.0-alpha.jar:/home/wkarpowicz/.m2/repository/io/opentelemetry/opentelemetry-sdk/1.6.0/opentelemetry-sdk-1.6.0.jar:/home/wkarpowicz/.m2/repository/io/opentelemetry/opentelemetry-semconv/1.6.0-alpha/opentelemetry-semconv-1.6.0-alpha.jar:/home/wkarpowicz/.m2/repository/io/ous/jtoml/2.0.0/jtoml-2.0.0.jar:/home/wkarpowicz/.m2/repository/net/bytebuddy/byte-buddy/1.11.19/byte-buddy-1.11.19.jar:/home/wkarpowicz/.m2/repository/org/apache/commons/commons-exec/1.3/commons-exec-1.3.jar:/home/wkarpowicz/.m2/repository/org/asynchttpclient/async-http-client/2.12.3/async-http-client-2.12.3.jar:/home/wkarpowicz/.m2/repository/org/asynchttpclient/async-http-client-netty-utils/2.12.3/async-http-client-netty-utils-2.12.3.jar:/home/wkarpowicz/.m2/repository/io/netty/netty-codec-socks/4.1.60.Final/netty-codec-socks-4.1.60.Final.jar:/home/wkarpowicz/.m2/repository/io/netty/netty-handler-proxy/4.1.60.Final/netty-handler-proxy-4.1.60.Final.jar:/home/wkarpowicz/.m2/repository/io/netty/netty-transport-native-epoll/4.1.60.Final/netty-transport-native-epoll-4.1.60.Final-linux-x86_64.jar:/home/wkarpowicz/.m2/repository/io/netty/netty-transport-native-kqueue/4.1.60.Final/netty-transport-native-kqueue-4.1.60.Final-osx-x86_64.jar:/home/wkarpowicz/.m2/repository/org/reactivestreams/reactive-streams/1.0.3/reactive-streams-1.0.3.jar:/home/wkarpowicz/.m2/repository/com/typesafe/netty/netty-reactive-streams/2.0.4/netty-reactive-streams-2.0.4.jar:/home/wkarpowicz/.m2/repository/org/slf4j/slf4j-api/1.7.30/slf4j-api-1.7.30.jar:/home/wkarpowicz/.m2/repository/com/sun/activation/jakarta.activation/1.2.2/jakarta.activation-1.2.2.jar:/home/wkarpowicz/.m2/repository/org/seleniumhq/selenium/selenium-http/4.0.0/selenium-http-4.0.0.jar:/home/wkarpowicz/.m2/repository/org/seleniumhq/selenium/selenium-safari-driver/4.0.0/selenium-safari-driver-4.0.0.jar:/home/wkarpowicz/.m2/repository/org/seleniumhq/selenium/selenium-support/4.0.0/selenium-support-4.0.0.jar:/home/wkarpowicz/.m2/repository/org/testng/testng/7.4.0/testng-7.4.0.jar:/home/wkarpowicz/.m2/repository/com/beust/jcommander/1.78/jcommander-1.78.jar:/home/wkarpowicz/.m2/repository/org/webjars/jquery/3.5.1/jquery-3.5.1.jar:/home/wkarpowicz/.m2/repository/org/apache/logging/log4j/log4j-api/2.18.0/log4j-api-2.18.0.jar:/home/wkarpowicz/.m2/repository/org/apache/logging/log4j/log4j-core/2.18.0/log4j-core-2.18.0.jar:"/>
    <property name="java.vm.vendor" value="AdoptOpenJDK"/>
    <property name="sun.arch.data.model" value="64"/>
    <property name="java.vendor.url" value="https://adoptopenjdk.net/"/>
    <property name="user.timezone" value="Europe/Warsaw"/>
    <property name="java.vm.specification.version" value="11"/>
    <property name="os.name" value="Linux"/>
    <property name="sun.java.launcher" value="SUN_STANDARD"/>
    <property name="user.country" value="US"/>
    <property name="sun.boot.library.path" value="/home/wkarpowicz/.sdkman/candidates/java/11.0.11.hs-adpt/lib"/>
    <property name="sun.java.command" value="/home/wkarpowicz/Documents/Automatyzacja/WebDriverManager-Maven/target/surefire/surefirebooter6656011401276724893.jar /home/wkarpowicz/Documents/Automatyzacja/WebDriverManager-Maven/target/surefire 2022-07-14T09-41-05_779-jvmRun1 surefire16618476359214817583tmp surefire_013234531116162780755tmp"/>
    <property name="jdk.debug" value="release"/>
    <property name="surefire.test.class.path" value="/home/wkarpowicz/Documents/Automatyzacja/WebDriverManager-Maven/target/test-classes:/home/wkarpowicz/Documents/Automatyzacja/WebDriverManager-Maven/target/classes:/home/wkarpowicz/.m2/repository/org/seleniumhq/selenium/selenium-java/4.0.0/selenium-java-4.0.0.jar:/home/wkarpowicz/.m2/repository/org/seleniumhq/selenium/selenium-api/4.0.0/selenium-api-4.0.0.jar:/home/wkarpowicz/.m2/repository/org/seleniumhq/selenium/selenium-chrome-driver/4.0.0/selenium-chrome-driver-4.0.0.jar:/home/wkarpowicz/.m2/repository/com/google/auto/service/auto-service-annotations/1.0/auto-service-annotations-1.0.jar:/home/wkarpowicz/.m2/repository/com/google/auto/service/auto-service/1.0/auto-service-1.0.jar:/home/wkarpowicz/.m2/repository/com/google/auto/auto-common/1.0/auto-common-1.0.jar:/home/wkarpowicz/.m2/repository/com/google/guava/guava/31.0.1-jre/guava-31.0.1-jre.jar:/home/wkarpowicz/.m2/repository/com/google/guava/failureaccess/1.0.1/failureaccess-1.0.1.jar:/home/wkarpowicz/.m2/repository/com/google/guava/listenablefuture/9999.0-empty-to-avoid-conflict-with-guava/listenablefuture-9999.0-empty-to-avoid-conflict-with-guava.jar:/home/wkarpowicz/.m2/repository/com/google/code/findbugs/jsr305/3.0.2/jsr305-3.0.2.jar:/home/wkarpowicz/.m2/repository/org/checkerframework/checker-qual/3.12.0/checker-qual-3.12.0.jar:/home/wkarpowicz/.m2/repository/com/google/errorprone/error_prone_annotations/2.7.1/error_prone_annotations-2.7.1.jar:/home/wkarpowicz/.m2/repository/com/google/j2objc/j2objc-annotations/1.3/j2objc-annotations-1.3.jar:/home/wkarpowicz/.m2/repository/org/seleniumhq/selenium/selenium-chromium-driver/4.0.0/selenium-chromium-driver-4.0.0.jar:/home/wkarpowicz/.m2/repository/org/seleniumhq/selenium/selenium-json/4.0.0/selenium-json-4.0.0.jar:/home/wkarpowicz/.m2/repository/org/seleniumhq/selenium/selenium-devtools-v85/4.0.0/selenium-devtools-v85-4.0.0.jar:/home/wkarpowicz/.m2/repository/org/seleniumhq/selenium/selenium-devtools-v93/4.0.0/selenium-devtools-v93-4.0.0.jar:/home/wkarpowicz/.m2/repository/org/seleniumhq/selenium/selenium-devtools-v94/4.0.0/selenium-devtools-v94-4.0.0.jar:/home/wkarpowicz/.m2/repository/org/seleniumhq/selenium/selenium-devtools-v95/4.0.0/selenium-devtools-v95-4.0.0.jar:/home/wkarpowicz/.m2/repository/org/seleniumhq/selenium/selenium-edge-driver/4.0.0/selenium-edge-driver-4.0.0.jar:/home/wkarpowicz/.m2/repository/org/seleniumhq/selenium/selenium-firefox-driver/4.0.0/selenium-firefox-driver-4.0.0.jar:/home/wkarpowicz/.m2/repository/org/seleniumhq/selenium/selenium-firefox-xpi-driver/4.0.0/selenium-firefox-xpi-driver-4.0.0.jar:/home/wkarpowicz/.m2/repository/org/seleniumhq/selenium/selenium-ie-driver/4.0.0/selenium-ie-driver-4.0.0.jar:/home/wkarpowicz/.m2/repository/org/seleniumhq/selenium/selenium-opera-driver/4.0.0/selenium-opera-driver-4.0.0.jar:/home/wkarpowicz/.m2/repository/org/seleniumhq/selenium/selenium-remote-driver/4.0.0/selenium-remote-driver-4.0.0.jar:/home/wkarpowicz/.m2/repository/io/netty/netty-buffer/4.1.68.Final/netty-buffer-4.1.68.Final.jar:/home/wkarpowicz/.m2/repository/io/netty/netty-codec-http/4.1.67.Final/netty-codec-http-4.1.67.Final.jar:/home/wkarpowicz/.m2/repository/io/netty/netty-codec/4.1.67.Final/netty-codec-4.1.67.Final.jar:/home/wkarpowicz/.m2/repository/io/netty/netty-handler/4.1.67.Final/netty-handler-4.1.67.Final.jar:/home/wkarpowicz/.m2/repository/io/netty/netty-common/4.1.68.Final/netty-common-4.1.68.Final.jar:/home/wkarpowicz/.m2/repository/io/netty/netty-transport-native-epoll/4.1.67.Final/netty-transport-native-epoll-4.1.67.Final.jar:/home/wkarpowicz/.m2/repository/io/netty/netty-transport-native-kqueue/4.1.67.Final/netty-transport-native-kqueue-4.1.67.Final.jar:/home/wkarpowicz/.m2/repository/io/netty/netty-transport-native-unix-common/4.1.67.Final/netty-transport-native-unix-common-4.1.67.Final.jar:/home/wkarpowicz/.m2/repository/io/netty/netty-transport/4.1.68.Final/netty-transport-4.1.68.Final.jar:/home/wkarpowicz/.m2/repository/io/netty/netty-resolver/4.1.68.Final/netty-resolver-4.1.68.Final.jar:/home/wkarpowicz/.m2/repository/io/opentelemetry/opentelemetry-api/1.6.0/opentelemetry-api-1.6.0.jar:/home/wkarpowicz/.m2/repository/io/opentelemetry/opentelemetry-context/1.6.0/opentelemetry-context-1.6.0.jar:/home/wkarpowicz/.m2/repository/io/opentelemetry/opentelemetry-exporter-logging/1.6.0/opentelemetry-exporter-logging-1.6.0.jar:/home/wkarpowicz/.m2/repository/io/opentelemetry/opentelemetry-sdk-metrics/1.6.0-alpha/opentelemetry-sdk-metrics-1.6.0-alpha.jar:/home/wkarpowicz/.m2/repository/io/opentelemetry/opentelemetry-sdk-common/1.6.0/opentelemetry-sdk-common-1.6.0.jar:/home/wkarpowicz/.m2/repository/io/opentelemetry/opentelemetry-sdk-extension-autoconfigure-spi/1.6.0/opentelemetry-sdk-extension-autoconfigure-spi-1.6.0.jar:/home/wkarpowicz/.m2/repository/io/opentelemetry/opentelemetry-sdk-extension-autoconfigure/1.6.0-alpha/opentelemetry-sdk-extension-autoconfigure-1.6.0-alpha.jar:/home/wkarpowicz/.m2/repository/io/opentelemetry/opentelemetry-sdk-trace/1.6.0/opentelemetry-sdk-trace-1.6.0.jar:/home/wkarpowicz/.m2/repository/io/opentelemetry/opentelemetry-api-metrics/1.6.0-alpha/opentelemetry-api-metrics-1.6.0-alpha.jar:/home/wkarpowicz/.m2/repository/io/opentelemetry/opentelemetry-sdk/1.6.0/opentelemetry-sdk-1.6.0.jar:/home/wkarpowicz/.m2/repository/io/opentelemetry/opentelemetry-semconv/1.6.0-alpha/opentelemetry-semconv-1.6.0-alpha.jar:/home/wkarpowicz/.m2/repository/io/ous/jtoml/2.0.0/jtoml-2.0.0.jar:/home/wkarpowicz/.m2/repository/net/bytebuddy/byte-buddy/1.11.19/byte-buddy-1.11.19.jar:/home/wkarpowicz/.m2/repository/org/apache/commons/commons-exec/1.3/commons-exec-1.3.jar:/home/wkarpowicz/.m2/repository/org/asynchttpclient/async-http-client/2.12.3/async-http-client-2.12.3.jar:/home/wkarpowicz/.m2/repository/org/asynchttpclient/async-http-client-netty-utils/2.12.3/async-http-client-netty-utils-2.12.3.jar:/home/wkarpowicz/.m2/repository/io/netty/netty-codec-socks/4.1.60.Final/netty-codec-socks-4.1.60.Final.jar:/home/wkarpowicz/.m2/repository/io/netty/netty-handler-proxy/4.1.60.Final/netty-handler-proxy-4.1.60.Final.jar:/home/wkarpowicz/.m2/repository/io/netty/netty-transport-native-epoll/4.1.60.Final/netty-transport-native-epoll-4.1.60.Final-linux-x86_64.jar:/home/wkarpowicz/.m2/repository/io/netty/netty-transport-native-kqueue/4.1.60.Final/netty-transport-native-kqueue-4.1.60.Final-osx-x86_64.jar:/home/wkarpowicz/.m2/repository/org/reactivestreams/reactive-streams/1.0.3/reactive-streams-1.0.3.jar:/home/wkarpowicz/.m2/repository/com/typesafe/netty/netty-reactive-streams/2.0.4/netty-reactive-streams-2.0.4.jar:/home/wkarpowicz/.m2/repository/org/slf4j/slf4j-api/1.7.30/slf4j-api-1.7.30.jar:/home/wkarpowicz/.m2/repository/com/sun/activation/jakarta.activation/1.2.2/jakarta.activation-1.2.2.jar:/home/wkarpowicz/.m2/repository/org/seleniumhq/selenium/selenium-http/4.0.0/selenium-http-4.0.0.jar:/home/wkarpowicz/.m2/repository/org/seleniumhq/selenium/selenium-safari-driver/4.0.0/selenium-safari-driver-4.0.0.jar:/home/wkarpowicz/.m2/repository/org/seleniumhq/selenium/selenium-support/4.0.0/selenium-support-4.0.0.jar:/home/wkarpowicz/.m2/repository/org/testng/testng/7.4.0/testng-7.4.0.jar:/home/wkarpowicz/.m2/repository/com/beust/jcommander/1.78/jcommander-1.78.jar:/home/wkarpowicz/.m2/repository/org/webjars/jquery/3.5.1/jquery-3.5.1.jar:/home/wkarpowicz/.m2/repository/org/apache/logging/log4j/log4j-api/2.18.0/log4j-api-2.18.0.jar:/home/wkarpowicz/.m2/repository/org/apache/logging/log4j/log4j-core/2.18.0/log4j-core-2.18.0.jar:"/>
    <property name="sun.cpu.endian" value="little"/>
    <property name="user.home" value="/home/wkarpowicz"/>
    <property name="user.language" value="en"/>
    <property name="java.specification.vendor" value="Oracle Corporation"/>
    <property name="java.version.date" value="2021-04-20"/>
    <property name="java.home" value="/home/wkarpowicz/.sdkman/candidates/java/11.0.11.hs-adpt"/>
    <property name="file.separator" value="/"/>
    <property name="basedir" value="/home/wkarpowicz/Documents/Automatyzacja/WebDriverManager-Maven"/>
    <property name="java.vm.compressedOopsMode" value="Zero based"/>
    <property name="line.separator" value="&#10;"/>
    <property name="java.specification.name" value="Java Platform API Specification"/>
    <property name="java.vm.specification.vendor" value="Oracle Corporation"/>
    <property name="java.awt.graphicsenv" value="sun.awt.X11GraphicsEnvironment"/>
    <property name="surefire.real.class.path" value="/home/wkarpowicz/Documents/Automatyzacja/WebDriverManager-Maven/target/surefire/surefirebooter6656011401276724893.jar"/>
    <property name="sun.management.compiler" value="HotSpot 64-Bit Tiered Compilers"/>
    <property name="java.runtime.version" value="11.0.11+9"/>
    <property name="user.name" value="wkarpowicz"/>
    <property name="path.separator" value=":"/>
    <property name="os.version" value="5.13.0-44-generic"/>
    <property name="java.runtime.name" value="OpenJDK Runtime Environment"/>
    <property name="file.encoding" value="UTF-8"/>
    <property name="sun.nio.ch.bugLevel" value=""/>
    <property name="java.vm.name" value="OpenJDK 64-Bit Server VM"/>
    <property name="java.vendor.version" value="AdoptOpenJDK-11.0.11+9"/>
    <property name="localRepository" value="/home/wkarpowicz/.m2/repository"/>
    <property name="java.vendor.url.bug" value="https://github.com/AdoptOpenJDK/openjdk-support/issues"/>
    <property name="java.io.tmpdir" value="/tmp"/>
    <property name="java.version" value="11.0.11"/>
    <property name="user.dir" value="/home/wkarpowicz/Documents/Automatyzacja/WebDriverManager-Maven"/>
    <property name="os.arch" value="amd64"/>
    <property name="java.vm.specification.name" value="Java Virtual Machine Specification"/>
    <property name="java.awt.printerjob" value="sun.print.PSPrinterJob"/>
    <property name="sun.os.patch.level" value="unknown"/>
    <property name="java.library.path" value="/usr/java/packages/lib:/usr/lib64:/lib64:/lib:/usr/lib"/>
    <property name="java.vm.info" value="mixed mode"/>
    <property name="java.vendor" value="AdoptOpenJDK"/>
    <property name="java.vm.version" value="11.0.11+9"/>
    <property name="sun.io.unicode.encoding" value="UnicodeLittle"/>
    <property name="java.class.version" value="55.0"/>
  </properties>
  <testcase name="asUserTryToLogInWithIncorrectLoginAndPassword" classname="tests.FailedLoginTests" time="0.671">
    <system-out><![CDATA[[INFO ] 2022-07-14 09:41:07.283 [main] configuration.PropertiesLoader - Trying to load properties with file name: configuration.properties
[INFO ] 2022-07-14 09:41:07.286 [main] configuration.PropertiesLoader - Successfully loaded properties for file: configuration.properties
[DEBUG] 2022-07-14 09:41:07.373 [main] io.netty.util.internal.logging.InternalLoggerFactory - Using Log4J2 as the default logging framework
[DEBUG] 2022-07-14 09:41:07.377 [main] io.netty.util.ResourceLeakDetector - -Dio.netty.leakDetection.level: simple
[DEBUG] 2022-07-14 09:41:07.378 [main] io.netty.util.ResourceLeakDetector - -Dio.netty.leakDetection.targetRecords: 4
[DEBUG] 2022-07-14 09:41:07.382 [main] io.netty.util.ResourceLeakDetectorFactory$DefaultResourceLeakDetectorFactory - Loaded default ResourceLeakDetector: io.netty.util.ResourceLeakDetector@6b9267b
[DEBUG] 2022-07-14 09:41:07.397 [main] io.netty.util.internal.PlatformDependent0 - -Dio.netty.noUnsafe: false
[DEBUG] 2022-07-14 09:41:07.397 [main] io.netty.util.internal.PlatformDependent0 - Java version: 11
[DEBUG] 2022-07-14 09:41:07.399 [main] io.netty.util.internal.PlatformDependent0 - sun.misc.Unsafe.theUnsafe: available
[DEBUG] 2022-07-14 09:41:07.399 [main] io.netty.util.internal.PlatformDependent0 - sun.misc.Unsafe.copyMemory: available
[DEBUG] 2022-07-14 09:41:07.400 [main] io.netty.util.internal.PlatformDependent0 - java.nio.Buffer.address: available
[DEBUG] 2022-07-14 09:41:07.400 [main] io.netty.util.internal.PlatformDependent0 - direct buffer constructor: unavailable: Reflective setAccessible(true) disabled
[DEBUG] 2022-07-14 09:41:07.401 [main] io.netty.util.internal.PlatformDependent0 - java.nio.Bits.unaligned: available, true
[DEBUG] 2022-07-14 09:41:07.402 [main] io.netty.util.internal.PlatformDependent0 - jdk.internal.misc.Unsafe.allocateUninitializedArray(int): unavailable: class io.netty.util.internal.PlatformDependent0$6 cannot access class jdk.internal.misc.Unsafe (in module java.base) because module java.base does not export jdk.internal.misc to unnamed module @329a1243
[DEBUG] 2022-07-14 09:41:07.403 [main] io.netty.util.internal.PlatformDependent0 - java.nio.DirectByteBuffer.<init>(long, int): unavailable
[DEBUG] 2022-07-14 09:41:07.403 [main] io.netty.util.internal.PlatformDependent - sun.misc.Unsafe: available
[DEBUG] 2022-07-14 09:41:07.404 [main] io.netty.util.internal.PlatformDependent - maxDirectMemory: 4167041024 bytes (maybe)
[DEBUG] 2022-07-14 09:41:07.404 [main] io.netty.util.internal.PlatformDependent - -Dio.netty.tmpdir: /tmp (java.io.tmpdir)
[DEBUG] 2022-07-14 09:41:07.405 [main] io.netty.util.internal.PlatformDependent - -Dio.netty.bitMode: 64 (sun.arch.data.model)
[DEBUG] 2022-07-14 09:41:07.406 [main] io.netty.util.internal.PlatformDependent - -Dio.netty.maxDirectMemory: -1 bytes
[DEBUG] 2022-07-14 09:41:07.406 [main] io.netty.util.internal.PlatformDependent - -Dio.netty.uninitializedArrayAllocationThreshold: -1
[DEBUG] 2022-07-14 09:41:07.408 [main] io.netty.util.internal.CleanerJava9 - java.nio.ByteBuffer.cleaner(): available
[DEBUG] 2022-07-14 09:41:07.408 [main] io.netty.util.internal.PlatformDependent - -Dio.netty.noPreferDirect: false
[DEBUG] 2022-07-14 09:41:07.416 [main] io.netty.util.internal.PlatformDependent$Mpsc - org.jctools-core.MpscChunkedArrayQueue: available
[DEBUG] 2022-07-14 09:41:07.431 [main] io.netty.util.internal.InternalThreadLocalMap - -Dio.netty.threadLocalMap.stringBuilder.initialSize: 1024
[DEBUG] 2022-07-14 09:41:07.431 [main] io.netty.util.internal.InternalThreadLocalMap - -Dio.netty.threadLocalMap.stringBuilder.maxSize: 4096
[DEBUG] 2022-07-14 09:41:07.573 [main] io.netty.handler.ssl.JdkSslContext - Default protocols (JDK): [TLSv1.3, TLSv1.2] 
[DEBUG] 2022-07-14 09:41:07.574 [main] io.netty.handler.ssl.JdkSslContext - Default cipher suites (JDK): [TLS_ECDHE_ECDSA_WITH_AES_256_GCM_SHA384, TLS_ECDHE_ECDSA_WITH_AES_128_GCM_SHA256, TLS_ECDHE_RSA_WITH_AES_128_GCM_SHA256, TLS_ECDHE_RSA_WITH_AES_256_GCM_SHA384, TLS_ECDHE_RSA_WITH_AES_128_CBC_SHA, TLS_ECDHE_RSA_WITH_AES_256_CBC_SHA, TLS_RSA_WITH_AES_128_GCM_SHA256, TLS_RSA_WITH_AES_128_CBC_SHA, TLS_RSA_WITH_AES_256_CBC_SHA, TLS_AES_128_GCM_SHA256, TLS_AES_256_GCM_SHA384]
[DEBUG] 2022-07-14 09:41:07.601 [main] io.netty.channel.MultithreadEventLoopGroup - -Dio.netty.eventLoopThreads: 16
[DEBUG] 2022-07-14 09:41:07.609 [main] io.netty.channel.nio.NioEventLoop - -Dio.netty.noKeySetOptimization: false
[DEBUG] 2022-07-14 09:41:07.609 [main] io.netty.channel.nio.NioEventLoop - -Dio.netty.selectorAutoRebuildThreshold: 512
[DEBUG] 2022-07-14 09:41:07.654 [main] io.netty.buffer.PooledByteBufAllocator - -Dio.netty.allocator.numHeapArenas: 16
[DEBUG] 2022-07-14 09:41:07.654 [main] io.netty.buffer.PooledByteBufAllocator - -Dio.netty.allocator.numDirectArenas: 16
[DEBUG] 2022-07-14 09:41:07.654 [main] io.netty.buffer.PooledByteBufAllocator - -Dio.netty.allocator.pageSize: 8192
[DEBUG] 2022-07-14 09:41:07.654 [main] io.netty.buffer.PooledByteBufAllocator - -Dio.netty.allocator.maxOrder: 11
[DEBUG] 2022-07-14 09:41:07.654 [main] io.netty.buffer.PooledByteBufAllocator - -Dio.netty.allocator.chunkSize: 16777216
[DEBUG] 2022-07-14 09:41:07.654 [main] io.netty.buffer.PooledByteBufAllocator - -Dio.netty.allocator.smallCacheSize: 256
[DEBUG] 2022-07-14 09:41:07.655 [main] io.netty.buffer.PooledByteBufAllocator - -Dio.netty.allocator.normalCacheSize: 64
[DEBUG] 2022-07-14 09:41:07.655 [main] io.netty.buffer.PooledByteBufAllocator - -Dio.netty.allocator.maxCachedBufferCapacity: 32768
[DEBUG] 2022-07-14 09:41:07.655 [main] io.netty.buffer.PooledByteBufAllocator - -Dio.netty.allocator.cacheTrimInterval: 8192
[DEBUG] 2022-07-14 09:41:07.655 [main] io.netty.buffer.PooledByteBufAllocator - -Dio.netty.allocator.cacheTrimIntervalMillis: 0
[DEBUG] 2022-07-14 09:41:07.656 [main] io.netty.buffer.PooledByteBufAllocator - -Dio.netty.allocator.useCacheForAllThreads: true
[DEBUG] 2022-07-14 09:41:07.656 [main] io.netty.buffer.PooledByteBufAllocator - -Dio.netty.allocator.maxCachedByteBuffersPerChunk: 1023
[DEBUG] 2022-07-14 09:41:07.665 [main] io.netty.buffer.ByteBufUtil - -Dio.netty.allocator.type: pooled
[DEBUG] 2022-07-14 09:41:07.665 [main] io.netty.buffer.ByteBufUtil - -Dio.netty.threadLocalDirectBufferSize: 0
[DEBUG] 2022-07-14 09:41:07.665 [main] io.netty.buffer.ByteBufUtil - -Dio.netty.maxThreadLocalCharBufferSize: 16384
[DEBUG] 2022-07-14 09:41:07.878 [Forwarding newSession on session null to remote] io.netty.channel.DefaultChannelId - -Dio.netty.processId: 1941404 (auto-detected)
[DEBUG] 2022-07-14 09:41:07.880 [Forwarding newSession on session null to remote] io.netty.util.NetUtil - -Djava.net.preferIPv4Stack: false
[DEBUG] 2022-07-14 09:41:07.880 [Forwarding newSession on session null to remote] io.netty.util.NetUtil - -Djava.net.preferIPv6Addresses: false
[DEBUG] 2022-07-14 09:41:07.882 [Forwarding newSession on session null to remote] io.netty.util.NetUtilInitializations - Loopback interface: lo (lo, 0:0:0:0:0:0:0:1%lo)
[DEBUG] 2022-07-14 09:41:07.883 [Forwarding newSession on session null to remote] io.netty.util.NetUtil$1 - /proc/sys/net/core/somaxconn: 4096
[DEBUG] 2022-07-14 09:41:07.885 [Forwarding newSession on session null to remote] io.netty.channel.DefaultChannelId - -Dio.netty.machineId: e4:a4:71:ff:fe:d9:fd:d7 (auto-detected)
[DEBUG] 2022-07-14 09:41:07.940 [AsyncHttpClient-1-2] io.netty.buffer.AbstractByteBuf - -Dio.netty.buffer.checkAccessible: true
[DEBUG] 2022-07-14 09:41:07.941 [AsyncHttpClient-1-2] io.netty.buffer.AbstractByteBuf - -Dio.netty.buffer.checkBounds: true
[DEBUG] 2022-07-14 09:41:07.941 [AsyncHttpClient-1-2] io.netty.util.ResourceLeakDetectorFactory$DefaultResourceLeakDetectorFactory - Loaded default ResourceLeakDetector: io.netty.util.ResourceLeakDetector@ea790be
[DEBUG] 2022-07-14 09:41:07.963 [AsyncHttpClient-1-2] io.netty.util.Recycler - -Dio.netty.recycler.maxCapacityPerThread: 4096
[DEBUG] 2022-07-14 09:41:07.963 [AsyncHttpClient-1-2] io.netty.util.Recycler - -Dio.netty.recycler.maxSharedCapacityFactor: 2
[DEBUG] 2022-07-14 09:41:07.963 [AsyncHttpClient-1-2] io.netty.util.Recycler - -Dio.netty.recycler.linkCapacity: 16
[DEBUG] 2022-07-14 09:41:07.963 [AsyncHttpClient-1-2] io.netty.util.Recycler - -Dio.netty.recycler.ratio: 8
[DEBUG] 2022-07-14 09:41:07.964 [AsyncHttpClient-1-2] io.netty.util.Recycler - -Dio.netty.recycler.delayedQueue.ratio: 8
[DEBUG] 2022-07-14 09:41:10.868 [AsyncHttpClient-1-2] io.netty.handler.codec.compression.Brotli - brotli4j not in the classpath; Brotli support will be unavailable.
[DEBUG] 2022-07-14 09:41:10.986 [main] io.netty.util.internal.ThreadLocalRandom - -Dio.netty.initialSeedUniquifier: 0x51453c8b2f76704a
[INFO ] 2022-07-14 09:41:11.784 [main] page.objects.LoginPage - Typed into User Name Field NotExistingLogin
[INFO ] 2022-07-14 09:41:11.886 [main] page.objects.LoginPage - Typed into Password Field NotProperPassword
[INFO ] 2022-07-14 09:41:12.072 [main] page.objects.LoginPage - Clicked on Login Button
[INFO ] 2022-07-14 09:41:12.148 [main] page.objects.LoginPage - Returned warning message was: Invalid username or password. Signon failed.
]]></system-out>
    <system-err><![CDATA[SLF4J: Failed to load class "org.slf4j.impl.StaticLoggerBinder".
SLF4J: Defaulting to no-operation (NOP) logger implementation
SLF4J: See http://www.slf4j.org/codes.html#StaticLoggerBinder for further details.
Starting ChromeDriver 101.0.4951.41 (93c720db8323b3ec10d056025ab95c23a31997c9-refs/branch-heads/4951@{#904}) on port 47691
Only local connections are allowed.
Please see https://chromedriver.chromium.org/security-considerations for suggestions on keeping ChromeDriver safe.
ChromeDriver was started successfully.
[1657784468.333][WARNING]: This version of ChromeDriver has not been tested with Chrome version 102.
Jul 14, 2022 9:41:10 AM org.openqa.selenium.remote.ProtocolHandshake createSession
INFO: Detected dialect: W3C
Jul 14, 2022 9:41:11 AM org.openqa.selenium.devtools.CdpVersionFinder findNearestMatch
WARNING: Unable to find an exact match for CDP version 102, so returning the closest version found: a no-op implementation
Jul 14, 2022 9:41:11 AM org.openqa.selenium.devtools.CdpVersionFinder findNearestMatch
INFO: Unable to find CDP implementation matching 102.
Jul 14, 2022 9:41:11 AM org.openqa.selenium.chromium.ChromiumDriver lambda$new$3
WARNING: Unable to find version of CDP to use for . You may need to include a dependency on a specific version of the CDP using something similar to `org.seleniumhq.selenium:selenium-devtools-v86:4.0.0` where the version ("v86") matches the version of the chromium-based browser you're using and the version number of the artifact is the same as Selenium's.
]]></system-err>
  </testcase>
  <testcase name="asUserLoginUsingValidLoginAndPassword" classname="tests.PositiveLoginTests" time="0.777">
    <system-out><![CDATA[[INFO ] 2022-07-14 09:41:12.261 [main] configuration.PropertiesLoader - Trying to load properties with file name: configuration.properties
[INFO ] 2022-07-14 09:41:12.262 [main] configuration.PropertiesLoader - Successfully loaded properties for file: configuration.properties
[INFO ] 2022-07-14 09:41:13.422 [main] page.objects.LoginPage - Typed into User Name Field j2ee
[INFO ] 2022-07-14 09:41:13.536 [main] page.objects.LoginPage - Typed into Password Field j2ee
[INFO ] 2022-07-14 09:41:13.789 [main] page.objects.LoginPage - Clicked on Login Button
[INFO ] 2022-07-14 09:41:13.939 [main] page.objects.FooterPage - Returning status of banner after login: true
]]></system-out>
    <system-err><![CDATA[Starting ChromeDriver 101.0.4951.41 (93c720db8323b3ec10d056025ab95c23a31997c9-refs/branch-heads/4951@{#904}) on port 33675
Only local connections are allowed.
Please see https://chromedriver.chromium.org/security-considerations for suggestions on keeping ChromeDriver safe.
ChromeDriver was started successfully.
[1657784472.705][WARNING]: This version of ChromeDriver has not been tested with Chrome version 102.
Jul 14, 2022 9:41:12 AM org.openqa.selenium.remote.ProtocolHandshake createSession
INFO: Detected dialect: W3C
Jul 14, 2022 9:41:12 AM org.openqa.selenium.devtools.CdpVersionFinder findNearestMatch
WARNING: Unable to find an exact match for CDP version 102, so returning the closest version found: a no-op implementation
Jul 14, 2022 9:41:12 AM org.openqa.selenium.devtools.CdpVersionFinder findNearestMatch
INFO: Unable to find CDP implementation matching 102.
Jul 14, 2022 9:41:12 AM org.openqa.selenium.chromium.ChromiumDriver lambda$new$3
WARNING: Unable to find version of CDP to use for . You may need to include a dependency on a specific version of the CDP using something similar to `org.seleniumhq.selenium:selenium-devtools-v86:4.0.0` where the version ("v86") matches the version of the chromium-based browser you're using and the version number of the artifact is the same as Selenium's.
]]></system-err>
  </testcase>
</testsuite>