<?xml version="1.0" encoding="UTF-8"?>
<!-- Generated by org.testng.reporters.JUnitReportReporter -->
<testsuite hostname="wkarpowicz-lap" failures="0" tests="1" name="tests.FailedLoginTests" time="4.942" errors="0" timestamp="2022-07-14T09:41:14 CEST" skipped="0">
  <testcase classname="tests.FailedLoginTests" name="asUserTryToLogInWithIncorrectLoginAndPassword" time="4.942"/>
  <system-out/>
</testsuite> <!-- tests.FailedLoginTests -->
