<?xml version="1.0" encoding="UTF-8"?>
<!-- Generated by org.testng.reporters.JUnitReportReporter -->
<testsuite hostname="wkarpowicz-lap" failures="0" tests="1" name="tests.PositiveLoginTests" time="1.761" errors="0" timestamp="2022-07-14T09:41:14 CEST" skipped="0">
  <testcase classname="tests.PositiveLoginTests" name="asUserLoginUsingValidLoginAndPassword" time="1.761"/>
  <system-out/>
</testsuite> <!-- tests.PositiveLoginTests -->
